2014-08-21 20:39:03,194 [Worker-2] INFO  o.e.m.c.i.l.LifecycleMappingFactory - Using org.maven.ide.eclipse.wtp.WarLifecycleMapping lifecycle mapping for MavenProject: be.stijn:intranet:1.0.0-BUILD-SNAPSHOT @ /Users/stijncl/Documents/workspace/intranet/pom.xml.
2014-08-21 20:39:07,347 [Worker-2] INFO  o.e.m.j.i.AbstractJavaProjectConfigurator - Adding source folder /intranet/src/main/java
2014-08-21 20:39:07,348 [Worker-2] INFO  o.e.m.j.i.AbstractJavaProjectConfigurator - Resources folder /intranet/src/main/resources overlaps with sources folder /intranet/src/main/resources
2014-08-21 20:39:07,350 [Worker-2] INFO  o.e.m.j.i.AbstractJavaProjectConfigurator - Adding source folder /intranet/src/test/java
2014-08-21 20:39:07,351 [Worker-2] INFO  o.e.m.j.i.AbstractJavaProjectConfigurator - Resources folder /intranet/src/test/resources overlaps with sources folder /intranet/src/test/resources
2014-08-21 20:39:07,819 [Worker-2] INFO  o.e.m.c.i.p.ProjectConfigurationManager - Imported and configured 1 project(s) in 7 sec
2014-08-21 20:39:09,592 [Worker-8] INFO  o.e.m.c.i.l.LifecycleMappingFactory - Using org.maven.ide.eclipse.wtp.WarLifecycleMapping lifecycle mapping for MavenProject: be.stijn:intranet:1.0.0-BUILD-SNAPSHOT @ /Users/stijncl/Documents/workspace/intranet/pom.xml.
2014-08-21 20:39:15,141 [Worker-4] INFO  o.e.m.c.i.l.LifecycleMappingFactory - Using org.maven.ide.eclipse.wtp.WarLifecycleMapping lifecycle mapping for MavenProject: be.stijn:intranet:1.0.0-BUILD-SNAPSHOT @ /Users/stijncl/Documents/workspace/intranet/pom.xml.
2014-08-21 20:39:15,811 [Worker-4] WARN  o.e.m.c.i.embedder.EclipseLogger - Using platform encoding (UTF-8 actually) to copy filtered resources, i.e. build is platform dependent!
2014-08-21 20:39:15,834 [Worker-4] INFO  o.e.m.c.i.embedder.EclipseLogger - Copying 1 resource
2014-08-21 20:39:15,852 [Worker-4] WARN  o.e.m.c.i.embedder.EclipseLogger - Using platform encoding (UTF-8 actually) to copy filtered resources, i.e. build is platform dependent!
2014-08-21 20:39:15,853 [Worker-4] INFO  o.e.m.c.i.embedder.EclipseLogger - Copying 1 resource
2014-08-21 20:39:17,275 [Worker-3] INFO  o.e.m.c.i.l.LifecycleMappingFactory - Using org.maven.ide.eclipse.wtp.WarLifecycleMapping lifecycle mapping for MavenProject: be.stijn:intranet:1.0.0-BUILD-SNAPSHOT @ /Users/stijncl/Documents/workspace/intranet/pom.xml.
2014-08-21 20:39:22,875 [Worker-6] WARN  o.e.m.c.i.embedder.EclipseLogger - Using platform encoding (UTF-8 actually) to copy filtered resources, i.e. build is platform dependent!
2014-08-21 20:39:22,879 [Worker-6] INFO  o.e.m.c.i.embedder.EclipseLogger - Copying 0 resource
2014-08-21 20:39:22,882 [Worker-6] WARN  o.e.m.c.i.embedder.EclipseLogger - Using platform encoding (UTF-8 actually) to copy filtered resources, i.e. build is platform dependent!
2014-08-21 20:39:22,883 [Worker-6] INFO  o.e.m.c.i.embedder.EclipseLogger - Copying 0 resource
2014-08-21 20:44:20,224 [Worker-28] WARN  o.e.m.c.i.embedder.EclipseLogger - Using platform encoding (UTF-8 actually) to copy filtered resources, i.e. build is platform dependent!
2014-08-21 20:44:20,390 [Worker-28] INFO  o.e.m.c.i.embedder.EclipseLogger - Copying 1 resource
2014-08-21 20:44:20,404 [Worker-28] WARN  o.e.m.c.i.embedder.EclipseLogger - Using platform encoding (UTF-8 actually) to copy filtered resources, i.e. build is platform dependent!
2014-08-21 20:44:20,406 [Worker-28] INFO  o.e.m.c.i.embedder.EclipseLogger - Copying 1 resource
2014-08-21 20:45:42,821 [Worker-3] WARN  o.e.m.c.i.embedder.EclipseLogger - Using platform encoding (UTF-8 actually) to copy filtered resources, i.e. build is platform dependent!
2014-08-21 20:45:42,853 [Worker-3] INFO  o.e.m.c.i.embedder.EclipseLogger - Copying 1 resource
2014-08-21 20:45:42,868 [Worker-3] WARN  o.e.m.c.i.embedder.EclipseLogger - Using platform encoding (UTF-8 actually) to copy filtered resources, i.e. build is platform dependent!
2014-08-21 20:45:42,869 [Worker-3] INFO  o.e.m.c.i.embedder.EclipseLogger - Copying 1 resource
2014-08-21 21:22:00,122 [Worker-32] WARN  o.e.m.c.i.embedder.EclipseLogger - Using platform encoding (UTF-8 actually) to copy filtered resources, i.e. build is platform dependent!
2014-08-21 21:22:00,201 [Worker-32] INFO  o.e.m.c.i.embedder.EclipseLogger - Copying 0 resource
2014-08-21 21:22:00,212 [Worker-32] WARN  o.e.m.c.i.embedder.EclipseLogger - Using platform encoding (UTF-8 actually) to copy filtered resources, i.e. build is platform dependent!
2014-08-21 21:22:00,213 [Worker-32] INFO  o.e.m.c.i.embedder.EclipseLogger - Copying 0 resource
2014-08-21 21:43:10,818 [Worker-2] WARN  o.e.m.c.i.embedder.EclipseLogger - Using platform encoding (UTF-8 actually) to copy filtered resources, i.e. build is platform dependent!
2014-08-21 21:43:10,833 [Worker-2] INFO  o.e.m.c.i.embedder.EclipseLogger - Copying 1 resource
2014-08-21 21:43:10,842 [Worker-2] WARN  o.e.m.c.i.embedder.EclipseLogger - Using platform encoding (UTF-8 actually) to copy filtered resources, i.e. build is platform dependent!
2014-08-21 21:43:10,843 [Worker-2] INFO  o.e.m.c.i.embedder.EclipseLogger - Copying 1 resource
2014-08-21 21:46:59,330 [Worker-2] WARN  o.e.m.c.i.embedder.EclipseLogger - Using platform encoding (UTF-8 actually) to copy filtered resources, i.e. build is platform dependent!
2014-08-21 21:46:59,335 [Worker-2] INFO  o.e.m.c.i.embedder.EclipseLogger - Copying 0 resource
2014-08-21 21:46:59,337 [Worker-2] WARN  o.e.m.c.i.embedder.EclipseLogger - Using platform encoding (UTF-8 actually) to copy filtered resources, i.e. build is platform dependent!
2014-08-21 21:46:59,338 [Worker-2] INFO  o.e.m.c.i.embedder.EclipseLogger - Copying 0 resource
2014-08-21 21:47:16,347 [Worker-18] WARN  o.e.m.c.i.embedder.EclipseLogger - Using platform encoding (UTF-8 actually) to copy filtered resources, i.e. build is platform dependent!
2014-08-21 21:47:16,349 [Worker-18] INFO  o.e.m.c.i.embedder.EclipseLogger - Copying 0 resource
2014-08-21 21:47:16,351 [Worker-18] WARN  o.e.m.c.i.embedder.EclipseLogger - Using platform encoding (UTF-8 actually) to copy filtered resources, i.e. build is platform dependent!
2014-08-21 21:47:16,352 [Worker-18] INFO  o.e.m.c.i.embedder.EclipseLogger - Copying 0 resource
2014-08-21 21:47:41,744 [Worker-7] WARN  o.e.m.c.i.embedder.EclipseLogger - Using platform encoding (UTF-8 actually) to copy filtered resources, i.e. build is platform dependent!
2014-08-21 21:47:41,745 [Worker-7] INFO  o.e.m.c.i.embedder.EclipseLogger - Copying 0 resource
2014-08-21 21:47:41,747 [Worker-7] WARN  o.e.m.c.i.embedder.EclipseLogger - Using platform encoding (UTF-8 actually) to copy filtered resources, i.e. build is platform dependent!
2014-08-21 21:47:41,748 [Worker-7] INFO  o.e.m.c.i.embedder.EclipseLogger - Copying 0 resource
2014-08-21 21:48:31,459 [Worker-4] WARN  o.e.m.c.i.embedder.EclipseLogger - Using platform encoding (UTF-8 actually) to copy filtered resources, i.e. build is platform dependent!
2014-08-21 21:48:31,460 [Worker-4] INFO  o.e.m.c.i.embedder.EclipseLogger - Copying 0 resource
2014-08-21 21:48:31,462 [Worker-4] WARN  o.e.m.c.i.embedder.EclipseLogger - Using platform encoding (UTF-8 actually) to copy filtered resources, i.e. build is platform dependent!
2014-08-21 21:48:31,463 [Worker-4] INFO  o.e.m.c.i.embedder.EclipseLogger - Copying 0 resource
